Using pre-set license
Built from '2022.3/staging' branch; Version is '2022.3.26f1 (ec6cd8118806) revision 15494360'; Using compiler version '192829333'; Build Type 'Release'
OS: 'Windows 11  (10.0.22631) 64bit Professional' Language: 'en' Physical Memory: 32574 MB
BatchMode: 1, IsHumanControllingUs: 0, StartBugReporterOnCrash: 0, Is64bit: 1, IsPro: 1

COMMAND LINE ARGUMENTS:
C:\Program Files\Unity\Hub\Editor\2022.3.26f1\Editor\Unity.exe
-adb2
-batchMode
-noUpm
-name
AssetImportWorker0
-projectPath
D:/UnityProjects/Book-of-Hours
-logFile
Logs/AssetImportWorker0.log
-srvPort
61669
Successfully changed project path to: D:/UnityProjects/Book-of-Hours
D:/UnityProjects/Book-of-Hours
[UnityMemory] Configuration Parameters - Can be set up in boot.config
    "memorysetup-bucket-allocator-granularity=16"
    "memorysetup-bucket-allocator-bucket-count=8"
    "memorysetup-bucket-allocator-block-size=33554432"
    "memorysetup-bucket-allocator-block-count=8"
    "memorysetup-main-allocator-block-size=16777216"
    "memorysetup-thread-allocator-block-size=16777216"
    "memorysetup-gfx-main-allocator-block-size=16777216"
    "memorysetup-gfx-thread-allocator-block-size=16777216"
    "memorysetup-cache-allocator-block-size=4194304"
    "memorysetup-typetree-allocator-block-size=2097152"
    "memorysetup-profiler-bucket-allocator-granularity=16"
    "memorysetup-profiler-bucket-allocator-bucket-count=8"
    "memorysetup-profiler-bucket-allocator-block-size=33554432"
    "memorysetup-profiler-bucket-allocator-block-count=8"
    "memorysetup-profiler-allocator-block-size=16777216"
    "memorysetup-profiler-editor-allocator-block-size=1048576"
    "memorysetup-temp-allocator-size-main=16777216"
    "memorysetup-job-temp-allocator-block-size=2097152"
    "memorysetup-job-temp-allocator-block-size-background=1048576"
    "memorysetup-job-temp-allocator-reduction-small-platforms=262144"
    "memorysetup-allocator-temp-initial-block-size-main=262144"
    "memorysetup-allocator-temp-initial-block-size-worker=262144"
    "memorysetup-temp-allocator-size-background-worker=32768"
    "memorysetup-temp-allocator-size-job-worker=262144"
    "memorysetup-temp-allocator-size-preload-manager=33554432"
    "memorysetup-temp-allocator-size-nav-mesh-worker=65536"
    "memorysetup-temp-allocator-size-audio-worker=65536"
    "memorysetup-temp-allocator-size-cloud-worker=32768"
    "memorysetup-temp-allocator-size-gi-baking-worker=262144"
    "memorysetup-temp-allocator-size-gfx=262144"
Player connection [6452] Host "[IP] 192.168.0.228 [Port] 0 [Flags] 2 [Guid] 2183513503 [EditorId] 2183513503 [Version] 1048832 [Id] WindowsEditor(7,Mustakeem) [Debug] 1 [PackageName] WindowsEditor [ProjectName] Editor" joined multi-casting on [225.0.0.222:54997]...

Player connection [6452] Host "[IP] 192.168.0.228 [Port] 0 [Flags] 2 [Guid] 2183513503 [EditorId] 2183513503 [Version] 1048832 [Id] WindowsEditor(7,Mustakeem) [Debug] 1 [PackageName] WindowsEditor [ProjectName] Editor" joined alternative multi-casting on [225.0.0.222:34997]...

[Physics::Module] Initialized MultithreadedJobDispatcher with 11 workers.
Refreshing native plugins compatible for Editor in 3254.65 ms, found 6 plugins.
Preloading 2 native plugins for Editor in 41.02 ms.
Initialize engine version: 2022.3.26f1 (ec6cd8118806)
[Subsystems] Discovering subsystems at path C:/Program Files/Unity/Hub/Editor/2022.3.26f1/Editor/Data/Resources/UnitySubsystems
[Subsystems] Discovering subsystems at path D:/UnityProjects/Book-of-Hours/Assets
GfxDevice: creating device client; threaded=0; jobified=0
Direct3D:
    Version:  Direct3D 11.0 [level 11.1]
    Renderer: NVIDIA Quadro P2000 (ID=0x1cba)
    Vendor:   NVIDIA
    VRAM:     4017 MB
    Driver:   31.0.15.3818
Shader 'Oculus/OVRMRCameraFrameLit': fallback shader 'Alpha-Diffuse' not found
Initialize mono
Mono path[0] = 'C:/Program Files/Unity/Hub/Editor/2022.3.26f1/Editor/Data/Managed'
Mono path[1] = 'C:/Program Files/Unity/Hub/Editor/2022.3.26f1/Editor/Data/MonoBleedingEdge/lib/mono/unityjit-win32'
Mono config path = 'C:/Program Files/Unity/Hub/Editor/2022.3.26f1/Editor/Data/MonoBleedingEdge/etc'
Using monoOptions --debugger-agent=transport=dt_socket,embedding=1,server=y,suspend=n,address=127.0.0.1:56232
Begin MonoManager ReloadAssembly
Registering precompiled unity dll's ...
Register platform support module: C:/Program Files/Unity/Hub/Editor/2022.3.26f1/Editor/Data/PlaybackEngines/AndroidPlayer/UnityEditor.Android.Extensions.dll
Register platform support module: C:/Program Files/Unity/Hub/Editor/2022.3.26f1/Editor/Data/PlaybackEngines/WindowsStandaloneSupport/UnityEditor.WindowsStandalone.Extensions.dll
Registered in 0.029917 seconds.
- Loaded All Assemblies, in  1.413 seconds
Native extension for WindowsStandalone target not found
Native extension for Android target not found
Mono: successfully reloaded assembly
- Finished resetting the current domain, in  0.995 seconds
Domain Reload Profiling: 2404ms
	BeginReloadAssembly (476ms)
		ExecutionOrderSort (0ms)
		DisableScriptedObjects (0ms)
		BackupInstance (0ms)
		ReleaseScriptingObjects (0ms)
		CreateAndSetChildDomain (2ms)
	RebuildCommonClasses (147ms)
	RebuildNativeTypeToScriptingClass (39ms)
	initialDomainReloadingComplete (186ms)
	LoadAllAssembliesAndSetupDomain (558ms)
		LoadAssemblies (469ms)
		RebuildTransferFunctionScriptingTraits (0ms)
		AnalyzeDomain (552ms)
			TypeCache.Refresh (549ms)
				TypeCache.ScanAssembly (513ms)
			ScanForSourceGeneratedMonoScriptInfo (1ms)
			ResolveRequiredComponents (1ms)
	FinalizeReload (996ms)
		ReleaseScriptCaches (0ms)
		RebuildScriptCaches (0ms)
		SetupLoadedEditorAssemblies (819ms)
			LogAssemblyErrors (0ms)
			InitializePlatformSupportModulesInManaged (239ms)
			SetLoadedEditorAssemblies (12ms)
			RefreshPlugins (0ms)
			BeforeProcessingInitializeOnLoad (7ms)
			ProcessInitializeOnLoadAttributes (399ms)
			ProcessInitializeOnLoadMethodAttributes (161ms)
			AfterProcessingInitializeOnLoad (0ms)
			EditorAssembliesLoaded (0ms)
		ExecutionOrderSort2 (0ms)
		AwakeInstancesAfterBackupRestoration (0ms)
========================================================================
Worker process is ready to serve import requests
Begin MonoManager ReloadAssembly
- Loaded All Assemblies, in 27.786 seconds
Refreshing native plugins compatible for Editor in 21.54 ms, found 6 plugins.
Native extension for WindowsStandalone target not found
Native extension for Android target not found
Package Manager log level set to [2]
[Package Manager] Server::EnsureServerProcessIsRunning -- launch failed, reason: Unity was launched with the -noUpm command-line argument
[Package Manager] UpmClient::Send -- Unable to send message (not connected to UPM process).
[Package Manager] Cannot connect to Unity Package Manager local server
[XR] OculusXRPlugin: registering subsystems
[XR] Unable to register display lifecyle provider: [1]
[XR] Oculus Input lifecycle provider registered.
[XR] Unable to register input lifecyle provider: [1]
[XR] OVRP version 1.89.1
Mono: successfully reloaded assembly
[Package Manager] Server::EnsureServerProcessIsRunning -- launch failed, reason: Unity was launched with the -noUpm command-line argument
[Package Manager] UpmClient::Send -- Unable to send message (not connected to UPM process).
[Package Manager] Cannot connect to Unity Package Manager local server
[Package Manager] Server::EnsureServerProcessIsRunning -- launch failed, reason: Unity was launched with the -noUpm command-line argument
[Package Manager] UpmClient::Send -- Unable to send message (not connected to UPM process).
[Package Manager] Cannot connect to Unity Package Manager local server
- Finished resetting the current domain, in  2.034 seconds
Domain Reload Profiling: 29756ms
	BeginReloadAssembly (444ms)
		ExecutionOrderSort (0ms)
		DisableScriptedObjects (19ms)
		BackupInstance (0ms)
		ReleaseScriptingObjects (0ms)
		CreateAndSetChildDomain (60ms)
	RebuildCommonClasses (122ms)
	RebuildNativeTypeToScriptingClass (39ms)
	initialDomainReloadingComplete (144ms)
	LoadAllAssembliesAndSetupDomain (26971ms)
		LoadAssemblies (26674ms)
		RebuildTransferFunctionScriptingTraits (0ms)
		AnalyzeDomain (563ms)
			TypeCache.Refresh (403ms)
				TypeCache.ScanAssembly (367ms)
			ScanForSourceGeneratedMonoScriptInfo (93ms)
			ResolveRequiredComponents (64ms)
	FinalizeReload (2036ms)
		ReleaseScriptCaches (0ms)
		RebuildScriptCaches (0ms)
		SetupLoadedEditorAssemblies (1451ms)
			LogAssemblyErrors (0ms)
			InitializePlatformSupportModulesInManaged (66ms)
			SetLoadedEditorAssemblies (17ms)
			RefreshPlugins (0ms)
			BeforeProcessingInitializeOnLoad (222ms)
			ProcessInitializeOnLoadAttributes (650ms)
			ProcessInitializeOnLoadMethodAttributes (459ms)
			AfterProcessingInitializeOnLoad (35ms)
			EditorAssembliesLoaded (1ms)
		ExecutionOrderSort2 (0ms)
		AwakeInstancesAfterBackupRestoration (28ms)
UniversalRenderPipelineAsset_Renderer is missing RendererFeatures
This could be due to missing scripts or compile error.
UnityEngine.StackTraceUtility:ExtractStackTrace ()
UnityEngine.DebugLogHandler:LogFormat (UnityEngine.LogType,UnityEngine.Object,string,object[])
UnityEngine.Logger:Log (UnityEngine.LogType,object,UnityEngine.Object)
UnityEngine.Debug:LogError (object,UnityEngine.Object)
UnityEngine.Rendering.Universal.ScriptableRendererData:ValidateRendererFeatures () (at ./Library/PackageCache/com.unity.render-pipelines.universal@14.0.11/Runtime/ScriptableRendererData.cs:199)
UnityEngine.Rendering.Universal.ScriptableRendererData:OnValidate () (at ./Library/PackageCache/com.unity.render-pipelines.universal@14.0.11/Runtime/ScriptableRendererData.cs:88)

(Filename: ./Library/PackageCache/com.unity.render-pipelines.universal@14.0.11/Runtime/ScriptableRendererData.cs Line: 199)

Shader 'Oculus/OVRMRCameraFrameLit': fallback shader 'Alpha-Diffuse' not found
Launched and connected shader compiler UnityShaderCompiler.exe after 0.60 seconds
Refreshing native plugins compatible for Editor in 34.86 ms, found 6 plugins.
Preloading 2 native plugins for Editor in 0.15 ms.
Unloading 5083 Unused Serialized files (Serialized files now loaded: 0)
Unloading 98 unused Assets / (0.5 MB). Loaded Objects now: 5530.
Memory consumption went from 256.0 MB to 255.5 MB.
Total: 12.040600 ms (FindLiveObjects: 0.842100 ms CreateObjectMapping: 0.978200 ms MarkObjects: 9.286600 ms  DeleteObjects: 0.931300 ms)

AssetImportParameters requested are different than current active one (requested -> active):
  custom:container-demuxer-ogg: 62fdf1f143b41e24485cea50d1cbac27 -> 
  custom:video-codec-MediaFoundation-h265: 746d11721c4dcdbdad8f713fa42b33f4 -> 
  custom:video-decoder-ogg-theora: a1e56fd34408186e4bbccfd4996cb3dc -> 
  custom:framework-win-MediaFoundation: 216162199b28c13a410421893ffa2e32 -> 
  custom:CustomObjectIndexerAttribute: 72b91833f83ae208fae7752999fa3104 -> 
  custom:container-demuxer-webm: 4f35f7cbe854078d1ac9338744f61a02 -> 
  custom:container-muxer-webm: aa71ff27fc2769a1b78a27578f13a17b -> 
  custom:video-decoder-webm-vp8: 9c59270c3fd7afecdb556c50c9e8de78 -> 
  custom:SearchIndexIgnoredProperties: e643bd26f0fe6173181afceb89e7c659 -> 
  custom:AudioImporter_EditorPlatform: d09bf68614088b80899f8185d706f6e7 -> 
  custom:video-encoder-webm-vp8: eb34c28f22e8b96e1ab97ce403110664 -> 
  custom:audio-decoder-ogg-vorbis: bf7c407c2cedff20999df2af8eb42d56 -> 
  custom:audio-encoder-webm-vorbis: bf7c407c2cedff20999df2af8eb42d56 -> 
========================================================================
Received Import Request.
  Time since last request: 70637.235155 seconds.
  path: Assets/3D Models/NewBook/Book_28.fbx
  artifactKey: Guid(d685610da6a79b04b871b04c2a7ca768) Importer(815301076,1909f56bfc062723c751e8b465ee728b)
Start importing Assets/3D Models/NewBook/Book_28.fbx using Guid(d685610da6a79b04b871b04c2a7ca768) Importer(815301076,1909f56bfc062723c751e8b465ee728b)  -> (artifact id: '3c35b8e8881b20e4eedd09aa9dcde1a1') in 2.136004 seconds
Number of updated asset objects reloaded before import = 0
Number of asset objects unloaded after import = 113
========================================================================
Received Import Request.
  Time since last request: 0.000078 seconds.
  path: Assets/3D Models/NewBook/weightedBook.fbx
  artifactKey: Guid(f6aec32599ee4a24b8238499585601b9) Importer(815301076,1909f56bfc062723c751e8b465ee728b)
Start importing Assets/3D Models/NewBook/weightedBook.fbx using Guid(f6aec32599ee4a24b8238499585601b9) Importer(815301076,1909f56bfc062723c751e8b465ee728b)  -> (artifact id: 'ed6b83bada591c94d5f85a28d4679536') in 0.553915 seconds
Number of updated asset objects reloaded before import = 0
Number of asset objects unloaded after import = 101
========================================================================
Received Import Request.
  Time since last request: 279.502951 seconds.
  path: Assets/Scenes/TemplateScene.unity
  artifactKey: Guid(9fc0d4010bbf28b4594072e72b8655ab) Importer(815301076,1909f56bfc062723c751e8b465ee728b)
Start importing Assets/Scenes/TemplateScene.unity using Guid(9fc0d4010bbf28b4594072e72b8655ab) Importer(815301076,1909f56bfc062723c751e8b465ee728b)  -> (artifact id: '063954dfcc347c95c598dbe8565e7bc1') in 0.001889 seconds
Number of updated asset objects reloaded before import = 0
Number of asset objects unloaded after import = 0
========================================================================
Received Import Request.
  Time since last request: 0.840463 seconds.
  path: Assets/Scenes/BadgePrototype.unity
  artifactKey: Guid(f6efabb18d237144eaa1688658ac758a) Importer(815301076,1909f56bfc062723c751e8b465ee728b)
Start importing Assets/Scenes/BadgePrototype.unity using Guid(f6efabb18d237144eaa1688658ac758a) Importer(815301076,1909f56bfc062723c751e8b465ee728b)  -> (artifact id: '537c2795af8005ab5374f962567a7347') in 0.001394 seconds
Number of updated asset objects reloaded before import = 0
Number of asset objects unloaded after import = 0
========================================================================
Received Import Request.
  Time since last request: 29.406629 seconds.
  path: Assets/NewAssets/Branch_BookTextures/3D Models/3D Enviornment/Fire Place.fbx
  artifactKey: Guid(dd0aa19dcbed13547a12346a4552448e) Importer(815301076,1909f56bfc062723c751e8b465ee728b)
Start importing Assets/NewAssets/Branch_BookTextures/3D Models/3D Enviornment/Fire Place.fbx using Guid(dd0aa19dcbed13547a12346a4552448e) Importer(815301076,1909f56bfc062723c751e8b465ee728b)  -> (artifact id: 'a16aade482e360e9ba154e69da469e3a') in 0.255505 seconds
Number of updated asset objects reloaded before import = 0
Number of asset objects unloaded after import = 48
========================================================================
Received Import Request.
  Time since last request: 0.000031 seconds.
  path: Assets/Textures/3D Envionrmnet/BegMainRoom/BRM Walls.mat
  artifactKey: Guid(20d518ea15f94494aa81f15fcf1ffa08) Importer(815301076,1909f56bfc062723c751e8b465ee728b)
Start importing Assets/Textures/3D Envionrmnet/BegMainRoom/BRM Walls.mat using Guid(20d518ea15f94494aa81f15fcf1ffa08) Importer(815301076,1909f56bfc062723c751e8b465ee728b)  -> (artifact id: '03534a0b3d14e5224ebd934313e5a695') in 3.844108 seconds
Number of updated asset objects reloaded before import = 0
Number of asset objects unloaded after import = 6
========================================================================
Received Import Request.
  Time since last request: 0.000059 seconds.
  path: Assets/Textures/3D Envionrmnet/BegMainRoom/BRM Window Wood.mat
  artifactKey: Guid(1dcfe64d4fa15234bb107c164121c643) Importer(815301076,1909f56bfc062723c751e8b465ee728b)
Start importing Assets/Textures/3D Envionrmnet/BegMainRoom/BRM Window Wood.mat using Guid(1dcfe64d4fa15234bb107c164121c643) Importer(815301076,1909f56bfc062723c751e8b465ee728b)  -> (artifact id: 'a57b24247506da4d6722d796507d9120') in 0.779960 seconds
Number of updated asset objects reloaded before import = 0
Number of asset objects unloaded after import = 6
========================================================================
Received Import Request.
  Time since last request: 0.000024 seconds.
  path: Assets/Oculus/SampleFramework/Usage/SpatialAnchor/Materials/Clear.mat
  artifactKey: Guid(15d1a592c297987428ced42437287bdd) Importer(815301076,1909f56bfc062723c751e8b465ee728b)
Start importing Assets/Oculus/SampleFramework/Usage/SpatialAnchor/Materials/Clear.mat using Guid(15d1a592c297987428ced42437287bdd) Importer(815301076,1909f56bfc062723c751e8b465ee728b)  -> (artifact id: '735b1383b181398475ce6da67be7e749') in 0.202176 seconds
Number of updated asset objects reloaded before import = 0
Number of asset objects unloaded after import = 2
========================================================================
Received Import Request.
  Time since last request: 0.000072 seconds.
  path: Assets/NewAssets/Branch_Main/3D Models/new_book_scan.fbx.fbx
  artifactKey: Guid(c9718f560e3a6334ca6ef34041eb6822) Importer(815301076,1909f56bfc062723c751e8b465ee728b)
Start importing Assets/NewAssets/Branch_Main/3D Models/new_book_scan.fbx.fbx using Guid(c9718f560e3a6334ca6ef34041eb6822) Importer(815301076,1909f56bfc062723c751e8b465ee728b)  -> (artifact id: 'aa24693ea34a3e04bb3be5e21609318b') in 0.279140 seconds
Number of updated asset objects reloaded before import = 0
Number of asset objects unloaded after import = 9
========================================================================
Received Import Request.
  Time since last request: 0.000033 seconds.
  path: Assets/3D Models/librarytable.dae
  artifactKey: Guid(cd0f7ccc9f7081447abce071be5d2e85) Importer(815301076,1909f56bfc062723c751e8b465ee728b)
Start importing Assets/3D Models/librarytable.dae using Guid(cd0f7ccc9f7081447abce071be5d2e85) Importer(815301076,1909f56bfc062723c751e8b465ee728b)  -> (artifact id: '17515c143b28ee1c80e43bf8803f8c05') in 0.363519 seconds
Number of updated asset objects reloaded before import = 0
Number of asset objects unloaded after import = 9
========================================================================
Received Import Request.
  Time since last request: 0.000124 seconds.
  path: Assets/Oculus/Voice/Samples/Chess/Materials/CheckerPiece.mat
  artifactKey: Guid(8d566704f50ec39439e7a2ee5f518b44) Importer(815301076,1909f56bfc062723c751e8b465ee728b)
Start importing Assets/Oculus/Voice/Samples/Chess/Materials/CheckerPiece.mat using Guid(8d566704f50ec39439e7a2ee5f518b44) Importer(815301076,1909f56bfc062723c751e8b465ee728b)  -> (artifact id: 'ff80d92ac7bcf60c65cf256c2c71ed05') in 0.392959 seconds
Number of updated asset objects reloaded before import = 0
Number of asset objects unloaded after import = 2
========================================================================
Received Import Request.
  Time since last request: 0.000068 seconds.
  path: Assets/Oculus/Voice/Samples/Chess/Materials/CheckerBoard.mat
  artifactKey: Guid(55e5d3ed5e2d85a40ac9a8107da7125a) Importer(815301076,1909f56bfc062723c751e8b465ee728b)
Start importing Assets/Oculus/Voice/Samples/Chess/Materials/CheckerBoard.mat using Guid(55e5d3ed5e2d85a40ac9a8107da7125a) Importer(815301076,1909f56bfc062723c751e8b465ee728b)  -> (artifact id: '2868fdb1334ca06c54386ab960810430') in 0.361309 seconds
Number of updated asset objects reloaded before import = 0
Number of asset objects unloaded after import = 3
========================================================================
Received Import Request.
  Time since last request: 0.000024 seconds.
  path: Assets/NewAssets/Branch_3DEnvironment/3D Models/3D Enviornment/Beg Final Roomblend2.fbx
  artifactKey: Guid(50cc099270dd92843b9e09c472002c7b) Importer(815301076,1909f56bfc062723c751e8b465ee728b)
Start importing Assets/NewAssets/Branch_3DEnvironment/3D Models/3D Enviornment/Beg Final Roomblend2.fbx using Guid(50cc099270dd92843b9e09c472002c7b) Importer(815301076,1909f56bfc062723c751e8b465ee728b)  -> (artifact id: 'b8ee1372d4fd82f1d3050d9650af111c') in 89.808029 seconds
Number of updated asset objects reloaded before import = 0
Number of asset objects unloaded after import = 26042
========================================================================
Received Import Request.
  Time since last request: 51.455798 seconds.
  path: Assets/Oculus/VR/Materials/OVRTrackedKeyboard/BillboardMask.mat
  artifactKey: Guid(e5efaaa7295b60c4b99c88ff76db4d0c) Importer(815301076,1909f56bfc062723c751e8b465ee728b)
Start importing Assets/Oculus/VR/Materials/OVRTrackedKeyboard/BillboardMask.mat using Guid(e5efaaa7295b60c4b99c88ff76db4d0c) Importer(815301076,1909f56bfc062723c751e8b465ee728b)  -> (artifact id: '1ac1207c9078957a50231cc7c021beed') in 0.076393 seconds
Number of updated asset objects reloaded before import = 0
Number of asset objects unloaded after import = 2
========================================================================
Received Import Request.
  Time since last request: 0.000034 seconds.
  path: Assets/Oculus/SampleFramework/Usage/Passthrough/Materials/HandMeshMask.mat
  artifactKey: Guid(86bd0db9d12fe4cafb0f57c9596dc64d) Importer(815301076,1909f56bfc062723c751e8b465ee728b)
Start importing Assets/Oculus/SampleFramework/Usage/Passthrough/Materials/HandMeshMask.mat using Guid(86bd0db9d12fe4cafb0f57c9596dc64d) Importer(815301076,1909f56bfc062723c751e8b465ee728b)  -> (artifact id: '43caec3bf1baa1c49244b88eb9be04ae') in 0.089329 seconds
Number of updated asset objects reloaded before import = 0
Number of asset objects unloaded after import = 3
========================================================================
Received Import Request.
  Time since last request: 0.000053 seconds.
  path: Assets/Oculus/Interaction/Samples/Objects/Environment/MRDesk/Materials/MRDeskShadow.mat
  artifactKey: Guid(b8b2855e2f2d82f47a440a0f16dbfd71) Importer(815301076,1909f56bfc062723c751e8b465ee728b)
Start importing Assets/Oculus/Interaction/Samples/Objects/Environment/MRDesk/Materials/MRDeskShadow.mat using Guid(b8b2855e2f2d82f47a440a0f16dbfd71) Importer(815301076,1909f56bfc062723c751e8b465ee728b)  -> (artifact id: '5846aa914e0fbe8a0335c5d3604c2131') in 0.040158 seconds
Number of updated asset objects reloaded before import = 0
Number of asset objects unloaded after import = 3
========================================================================
Received Import Request.
  Time since last request: 0.000044 seconds.
  path: Assets/Oculus/VR/Editor/BuildingBlocks/BlockData/HandTracking/Materials/SkeletonBoneMaterial.mat
  artifactKey: Guid(9c05c5a6e4902ff4082cfb34e5b64b2d) Importer(815301076,1909f56bfc062723c751e8b465ee728b)
Start importing Assets/Oculus/VR/Editor/BuildingBlocks/BlockData/HandTracking/Materials/SkeletonBoneMaterial.mat using Guid(9c05c5a6e4902ff4082cfb34e5b64b2d) Importer(815301076,1909f56bfc062723c751e8b465ee728b)  -> (artifact id: 'b177c21adaa057eb7b4160794f7c7834') in 0.014009 seconds
Number of updated asset objects reloaded before import = 0
Number of asset objects unloaded after import = 2
========================================================================
Received Import Request.
  Time since last request: 0.000035 seconds.
  path: Assets/Oculus/LipSync/Models/FemaleHead_Morph/Materials/skin_DIFF.mat
  artifactKey: Guid(3d380053edac948aa9d428fce6a5288b) Importer(815301076,1909f56bfc062723c751e8b465ee728b)
Start importing Assets/Oculus/LipSync/Models/FemaleHead_Morph/Materials/skin_DIFF.mat using Guid(3d380053edac948aa9d428fce6a5288b) Importer(815301076,1909f56bfc062723c751e8b465ee728b)  -> (artifact id: '994dc2bc4bd5d8334afd62024e417d5b') in 0.205455 seconds
Number of updated asset objects reloaded before import = 0
Number of asset objects unloaded after import = 4
========================================================================
Received Import Request.
  Time since last request: 0.000032 seconds.
  path: Assets/Oculus/Voice/Samples/Shapes/Materials/Skybox.mat
  artifactKey: Guid(d49ff97a571f9ed4190359b6fda70b24) Importer(815301076,1909f56bfc062723c751e8b465ee728b)
Start importing Assets/Oculus/Voice/Samples/Shapes/Materials/Skybox.mat using Guid(d49ff97a571f9ed4190359b6fda70b24) Importer(815301076,1909f56bfc062723c751e8b465ee728b)  -> (artifact id: 'b804d9a7227f184901a4b0f75fbc7ad3') in 0.177957 seconds
Number of updated asset objects reloaded before import = 0
Number of asset objects unloaded after import = 2
========================================================================
Received Import Request.
  Time since last request: 0.000070 seconds.
  path: Assets/Oculus/VR/Editor/BuildingBlocks/BlockData/HandTracking/Materials/SystemGestureSkeletonBoneMaterial.mat
  artifactKey: Guid(38beab19e7c1f7947afac78fd60f90b0) Importer(815301076,1909f56bfc062723c751e8b465ee728b)
Start importing Assets/Oculus/VR/Editor/BuildingBlocks/BlockData/HandTracking/Materials/SystemGestureSkeletonBoneMaterial.mat using Guid(38beab19e7c1f7947afac78fd60f90b0) Importer(815301076,1909f56bfc062723c751e8b465ee728b)  -> (artifact id: 'b52bf60d8ddeeb0549f16af327449ace') in 0.018308 seconds
Number of updated asset objects reloaded before import = 0
Number of asset objects unloaded after import = 2
========================================================================
Received Import Request.
  Time since last request: 0.000026 seconds.
  path: Assets/Oculus/SampleFramework/Usage/HandsTrainExample/Materials/SkyboxForRealtime.mat
  artifactKey: Guid(799432b58386306488cfd7a19e7ff4d7) Importer(815301076,1909f56bfc062723c751e8b465ee728b)
Start importing Assets/Oculus/SampleFramework/Usage/HandsTrainExample/Materials/SkyboxForRealtime.mat using Guid(799432b58386306488cfd7a19e7ff4d7) Importer(815301076,1909f56bfc062723c751e8b465ee728b)  -> (artifact id: 'f1d0d61da0d5f53abc772149f462ce8f') in 0.055643 seconds
Number of updated asset objects reloaded before import = 0
Number of asset objects unloaded after import = 2
========================================================================
Received Import Request.
  Time since last request: 0.000027 seconds.
  path: Assets/Oculus/Interaction/Samples/Objects/Environment/Room/Models/skybaker.mat
  artifactKey: Guid(26f9b1dbf799a944bad37afc34424788) Importer(815301076,1909f56bfc062723c751e8b465ee728b)
Start importing Assets/Oculus/Interaction/Samples/Objects/Environment/Room/Models/skybaker.mat using Guid(26f9b1dbf799a944bad37afc34424788) Importer(815301076,1909f56bfc062723c751e8b465ee728b)  -> (artifact id: '1b2ab36aeea4432caaf7e0ecd07d3931') in 0.019019 seconds
Number of updated asset objects reloaded before import = 0
Number of asset objects unloaded after import = 2
========================================================================
Received Import Request.
  Time since last request: 0.000060 seconds.
  path: Assets/Oculus/SampleFramework/Usage/SharedAssets/Skyboxes/Sky_01/Skybox01Mat.mat
  artifactKey: Guid(b6121f1ede3dbe848a9c9de2ef369c28) Importer(815301076,1909f56bfc062723c751e8b465ee728b)
Start importing Assets/Oculus/SampleFramework/Usage/SharedAssets/Skyboxes/Sky_01/Skybox01Mat.mat using Guid(b6121f1ede3dbe848a9c9de2ef369c28) Importer(815301076,1909f56bfc062723c751e8b465ee728b)  -> (artifact id: '1f54251dbdeb8e7e2c7dbcec6b11a2bb') in 1.929055 seconds
Number of updated asset objects reloaded before import = 0
Number of asset objects unloaded after import = 8
========================================================================
Received Import Request.
  Time since last request: 0.000045 seconds.
  path: Assets/Oculus/Voice/Samples/ShapesConduit/Materials/Skybox.mat
  artifactKey: Guid(b78b05d05191680409aa90f91588896a) Importer(815301076,1909f56bfc062723c751e8b465ee728b)
Start importing Assets/Oculus/Voice/Samples/ShapesConduit/Materials/Skybox.mat using Guid(b78b05d05191680409aa90f91588896a) Importer(815301076,1909f56bfc062723c751e8b465ee728b)  -> (artifact id: '7bd00ba463707d36b60f13163b8fea68') in 0.024980 seconds
Number of updated asset objects reloaded before import = 0
Number of asset objects unloaded after import = 2
========================================================================
Received Import Request.
  Time since last request: 0.000035 seconds.
  path: Assets/Oculus/Voice/Samples/LiveUnderstanding/Materials/Skybox.mat
  artifactKey: Guid(cb59a6597e9b4674c91427326a27be17) Importer(815301076,1909f56bfc062723c751e8b465ee728b)
Start importing Assets/Oculus/Voice/Samples/LiveUnderstanding/Materials/Skybox.mat using Guid(cb59a6597e9b4674c91427326a27be17) Importer(815301076,1909f56bfc062723c751e8b465ee728b)  -> (artifact id: '49f4401a44fb5aff5097b1fafb1dded8') in 0.023959 seconds
Number of updated asset objects reloaded before import = 0
Number of asset objects unloaded after import = 2
========================================================================
Received Import Request.
  Time since last request: 0.000043 seconds.
  path: Assets/Oculus/SampleFramework/Usage/DistanceGrab/SkyboxMat.mat
  artifactKey: Guid(59e9fddc38d83c84689eb3deb601b970) Importer(815301076,1909f56bfc062723c751e8b465ee728b)
Start importing Assets/Oculus/SampleFramework/Usage/DistanceGrab/SkyboxMat.mat using Guid(59e9fddc38d83c84689eb3deb601b970) Importer(815301076,1909f56bfc062723c751e8b465ee728b)  -> (artifact id: 'd1887a345951fcd4194af339377d600e') in 0.024172 seconds
Number of updated asset objects reloaded before import = 0
Number of asset objects unloaded after import = 2
========================================================================
Received Import Request.
  Time since last request: 0.000027 seconds.
  path: Assets/Oculus/Interaction/Samples/Objects/Environment/Room/Materials/StencilSkydome.mat
  artifactKey: Guid(3da35d2d09b66e748b767a7d40cc12c1) Importer(815301076,1909f56bfc062723c751e8b465ee728b)
Start importing Assets/Oculus/Interaction/Samples/Objects/Environment/Room/Materials/StencilSkydome.mat using Guid(3da35d2d09b66e748b767a7d40cc12c1) Importer(815301076,1909f56bfc062723c751e8b465ee728b)  -> (artifact id: '5552ef00a6f451f518e222330648d429') in 0.190110 seconds
Number of updated asset objects reloaded before import = 0
Number of asset objects unloaded after import = 3
========================================================================
Received Import Request.
  Time since last request: 0.000046 seconds.
  path: Assets/Oculus/SampleFramework/Usage/SharedAssets/Skyboxes/Sky_01/Skybox01.mat
  artifactKey: Guid(8314ffe855e0e45b0a2fdbbdfe2010ea) Importer(815301076,1909f56bfc062723c751e8b465ee728b)
Start importing Assets/Oculus/SampleFramework/Usage/SharedAssets/Skyboxes/Sky_01/Skybox01.mat using Guid(8314ffe855e0e45b0a2fdbbdfe2010ea) Importer(815301076,1909f56bfc062723c751e8b465ee728b)  -> (artifact id: 'aaaabd02bb1eb510d1f53a0c502bed5a') in 0.493846 seconds
Number of updated asset objects reloaded before import = 0
Number of asset objects unloaded after import = 8
========================================================================
Received Import Request.
  Time since last request: 0.000149 seconds.
  path: Assets/Materials/Skybox.mat
  artifactKey: Guid(2a5a29603a2521441947b3d2b003966a) Importer(815301076,1909f56bfc062723c751e8b465ee728b)
Start importing Assets/Materials/Skybox.mat using Guid(2a5a29603a2521441947b3d2b003966a) Importer(815301076,1909f56bfc062723c751e8b465ee728b)  -> (artifact id: 'f6e7911e2cb9742f63806912efc94023') in 0.581956 seconds
Number of updated asset objects reloaded before import = 0
Number of asset objects unloaded after import = 3
========================================================================
Received Import Request.
  Time since last request: 0.000027 seconds.
  path: Assets/Oculus/Voice/Features/Dictation/Samples/Dictation/Materials/Skybox.mat
  artifactKey: Guid(a179d7f204d6abd488033e6085dd7043) Importer(815301076,1909f56bfc062723c751e8b465ee728b)
Start importing Assets/Oculus/Voice/Features/Dictation/Samples/Dictation/Materials/Skybox.mat using Guid(a179d7f204d6abd488033e6085dd7043) Importer(815301076,1909f56bfc062723c751e8b465ee728b)  -> (artifact id: '580f95a0c8d8aded677d4fc06fd065e3') in 0.021033 seconds
Number of updated asset objects reloaded before import = 0
Number of asset objects unloaded after import = 2
========================================================================
Received Import Request.
  Time since last request: 0.000036 seconds.
  path: Assets/Oculus/SampleFramework/Usage/SharedAssets/Skyboxes/Sky_02/Skybox02.mat
  artifactKey: Guid(b709a9919bd4047b58bb05887b4faad3) Importer(815301076,1909f56bfc062723c751e8b465ee728b)
Start importing Assets/Oculus/SampleFramework/Usage/SharedAssets/Skyboxes/Sky_02/Skybox02.mat using Guid(b709a9919bd4047b58bb05887b4faad3) Importer(815301076,1909f56bfc062723c751e8b465ee728b)  -> (artifact id: 'c77d389df07f00562548c2b195c805a6') in 2.136094 seconds
Number of updated asset objects reloaded before import = 0
Number of asset objects unloaded after import = 8
========================================================================
Received Import Request.
  Time since last request: 0.000035 seconds.
  path: Assets/Oculus/Interaction/Samples/Materials/SkyboxGradient.mat
  artifactKey: Guid(220c53501a6feeb44842c61d7364609c) Importer(815301076,1909f56bfc062723c751e8b465ee728b)
Start importing Assets/Oculus/Interaction/Samples/Materials/SkyboxGradient.mat using Guid(220c53501a6feeb44842c61d7364609c) Importer(815301076,1909f56bfc062723c751e8b465ee728b)  -> (artifact id: '7e875b0a4170e71e35f4b203a46e08f2') in 0.068669 seconds
Number of updated asset objects reloaded before import = 0
Number of asset objects unloaded after import = 2
========================================================================
Received Import Request.
  Time since last request: 0.000052 seconds.
  path: Assets/Oculus/SampleFramework/Core/TouchControllers/NewTouchControllers/controller_r.fbx
  artifactKey: Guid(a5ff41a7886a0ba429cf9e8b9620d2e9) Importer(815301076,1909f56bfc062723c751e8b465ee728b)
Start importing Assets/Oculus/SampleFramework/Core/TouchControllers/NewTouchControllers/controller_r.fbx using Guid(a5ff41a7886a0ba429cf9e8b9620d2e9) Importer(815301076,1909f56bfc062723c751e8b465ee728b)  -> (artifact id: 'a25715616f0bdd2ceffe1fd850cc1d09') in 0.325308 seconds
Number of updated asset objects reloaded before import = 0
Number of asset objects unloaded after import = 26
========================================================================
Received Import Request.
  Time since last request: 0.000053 seconds.
  path: Assets/Oculus/SampleFramework/Core/TouchControllers/NewTouchControllers/controller_l.fbx
  artifactKey: Guid(5d44b47caf0eb824bade785d78f776f3) Importer(815301076,1909f56bfc062723c751e8b465ee728b)
Start importing Assets/Oculus/SampleFramework/Core/TouchControllers/NewTouchControllers/controller_l.fbx using Guid(5d44b47caf0eb824bade785d78f776f3) Importer(815301076,1909f56bfc062723c751e8b465ee728b)  -> (artifact id: '03a98c326fd1ed7fb2a14e0f9fa1c43e') in 0.317241 seconds
Number of updated asset objects reloaded before import = 0
Number of asset objects unloaded after import = 26
========================================================================
Received Import Request.
  Time since last request: 0.000063 seconds.
  path: Assets/Oculus/SampleFramework/Usage/Passthrough/Materials/skybox/Skybox.mat
  artifactKey: Guid(34b43d94c855d49e491abad836c56a32) Importer(815301076,1909f56bfc062723c751e8b465ee728b)
Start importing Assets/Oculus/SampleFramework/Usage/Passthrough/Materials/skybox/Skybox.mat using Guid(34b43d94c855d49e491abad836c56a32) Importer(815301076,1909f56bfc062723c751e8b465ee728b)  -> (artifact id: 'e47680ff65216c9ec8f21797c86b5d0a') in 0.097738 seconds
Number of updated asset objects reloaded before import = 0
Number of asset objects unloaded after import = 4
========================================================================
Received Import Request.
  Time since last request: 0.000039 seconds.
  path: Assets/Oculus/Voice/Samples/LightTraits/Materials/Skybox.mat
  artifactKey: Guid(9065205a99a831f459fb0d94f2fd57f7) Importer(815301076,1909f56bfc062723c751e8b465ee728b)
Start importing Assets/Oculus/Voice/Samples/LightTraits/Materials/Skybox.mat using Guid(9065205a99a831f459fb0d94f2fd57f7) Importer(815301076,1909f56bfc062723c751e8b465ee728b)  -> (artifact id: 'c522561f4c6a602c4d082b91ecbd6433') in 0.030379 seconds
Number of updated asset objects reloaded before import = 0
Number of asset objects unloaded after import = 2
========================================================================
Received Import Request.
  Time since last request: 0.000038 seconds.
  path: Assets/Oculus/SampleFramework/Core/HandsInteraction/Materials/SkeletonBoneMaterial.mat
  artifactKey: Guid(abb80e58ce7c0a842a4758d09d9d71e0) Importer(815301076,1909f56bfc062723c751e8b465ee728b)
Start importing Assets/Oculus/SampleFramework/Core/HandsInteraction/Materials/SkeletonBoneMaterial.mat using Guid(abb80e58ce7c0a842a4758d09d9d71e0) Importer(815301076,1909f56bfc062723c751e8b465ee728b)  -> (artifact id: '3eaf57084944327146d4e26cc9884d29') in 0.020226 seconds
Number of updated asset objects reloaded before import = 0
Number of asset objects unloaded after import = 2
========================================================================
Received Import Request.
  Time since last request: 0.000042 seconds.
  path: Assets/Oculus/Interaction/Samples/ThirdParty/GradientSkybox/Skybox_ThreeColorGradient.mat
  artifactKey: Guid(ff6228692444b254cae1a99d4c15d216) Importer(815301076,1909f56bfc062723c751e8b465ee728b)
Start importing Assets/Oculus/Interaction/Samples/ThirdParty/GradientSkybox/Skybox_ThreeColorGradient.mat using Guid(ff6228692444b254cae1a99d4c15d216) Importer(815301076,1909f56bfc062723c751e8b465ee728b)  -> (artifact id: 'aa2f9b605bb83e06ce51e64e715a73f7') in 0.030106 seconds
Number of updated asset objects reloaded before import = 0
Number of asset objects unloaded after import = 3
========================================================================
Received Import Request.
  Time since last request: 0.000036 seconds.
  path: Assets/Oculus/SampleFramework/Usage/HandsTrainExample/Materials/SkyboxForLightbaking.mat
  artifactKey: Guid(b95594ffeaf238c46a8d575dcd72705a) Importer(815301076,1909f56bfc062723c751e8b465ee728b)
Start importing Assets/Oculus/SampleFramework/Usage/HandsTrainExample/Materials/SkyboxForLightbaking.mat using Guid(b95594ffeaf238c46a8d575dcd72705a) Importer(815301076,1909f56bfc062723c751e8b465ee728b)  -> (artifact id: 'f185f0c29904870fcfa45193096e0dc7') in 0.357755 seconds
Number of updated asset objects reloaded before import = 0
Number of asset objects unloaded after import = 2
========================================================================
Received Import Request.
  Time since last request: 0.000472 seconds.
  path: Assets/8K Skybox Pack Free/Skyboxes/Material/sky-1.mat
  artifactKey: Guid(c8e304140c860744783e1aa250535791) Importer(815301076,1909f56bfc062723c751e8b465ee728b)
Start importing Assets/8K Skybox Pack Free/Skyboxes/Material/sky-1.mat using Guid(c8e304140c860744783e1aa250535791) Importer(815301076,1909f56bfc062723c751e8b465ee728b)  -> (artifact id: 'ff854b89afaf38a4954d0b55dbbf2b6f') in 3.920456 seconds
Number of updated asset objects reloaded before import = 0
Number of asset objects unloaded after import = 3
Editor requested this worker to shutdown with reason: Scaling down because of idle timeout
TcpMessagingSession - receive error: operation aborted. errorcode: 995, details: The I/O operation has been aborted because of either a thread exit or an application request.
AssetImportWorker is now disconnected from the server
Process exiting
Exiting without the bug reporter. Application will terminate with return code 0